[0422/141258.641:ERROR:crash_report_database_win.cc(428)] unexpected header
[0422/141554.730:ERROR:crash_report_database_win.cc(428)] unexpected header
[0422/142554.732:ERROR:crash_report_database_win.cc(428)] unexpected header
[0422/142554.733:ERROR:crash_report_database_win.cc(428)] unexpected header
[0422/143054.730:ERROR:crash_report_database_win.cc(428)] unexpected header
[0422/143719.885:ERROR:crash_report_database_win.cc(428)] unexpected header
[0422/144446.187:ERROR:crash_report_database_win.cc(428)] unexpected header
[0422/144943.627:ERROR:crash_report_database_win.cc(428)] unexpected header
[0422/145053.866:ERROR:crash_report_database_win.cc(428)] unexpected header
[0422/145227.937:ERROR:crash_report_database_win.cc(428)] unexpected header
[0422/145322.448:ERROR:crash_report_database_win.cc(428)] unexpected header
[0422/145346.080:ERROR:crash_report_database_win.cc(428)] unexpected header
[0422/150346.080:ERROR:crash_report_database_win.cc(428)] unexpected header
[0422/150346.081:ERROR:crash_report_database_win.cc(428)] unexpected header
[0422/150846.080:ERROR:crash_report_database_win.cc(428)] unexpected header
[0422/151114.524:ERROR:crash_report_database_win.cc(428)] unexpected header
[0422/152114.524:ERROR:crash_report_database_win.cc(428)] unexpected header
[0422/152114.525:ERROR:crash_report_database_win.cc(428)] unexpected header
[0422/152614.526:ERROR:crash_report_database_win.cc(428)] unexpected header
[0422/154114.527:ERROR:crash_report_database_win.cc(428)] unexpected header
[0422/155614.528:ERROR:crash_report_database_win.cc(428)] unexpected header
[0422/161114.529:ERROR:crash_report_database_win.cc(428)] unexpected header
[0422/162614.532:ERROR:crash_report_database_win.cc(428)] unexpected header
[0422/163910.669:ERROR:crash_report_database_win.cc(428)] unexpected header
[0422/164027.951:ERROR:crash_report_database_win.cc(428)] unexpected header
[0422/164542.074:ERROR:crash_report_database_win.cc(428)] unexpected header
[0422/164611.091:ERROR:crash_report_database_win.cc(428)] unexpected header
[0422/165437.750:ERROR:crash_report_database_win.cc(428)] unexpected header
[0422/165511.021:ERROR:crash_report_database_win.cc(428)] unexpected header
[0422/165611.784:ERROR:crash_report_database_win.cc(428)] unexpected header
[0422/170109.309:ERROR:crash_report_database_win.cc(428)] unexpected header
[0422/171109.312:ERROR:crash_report_database_win.cc(428)] unexpected header
[0422/171109.312:ERROR:crash_report_database_win.cc(428)] unexpected header
[0422/171609.311:ERROR:crash_report_database_win.cc(428)] unexpected header
[0422/173109.312:ERROR:crash_report_database_win.cc(428)] unexpected header
[0422/174609.315:ERROR:crash_report_database_win.cc(428)] unexpected header
[0422/180109.316:ERROR:crash_report_database_win.cc(428)] unexpected header
[0422/181609.316:ERROR:crash_report_database_win.cc(428)] unexpected header
[0422/183109.322:ERROR:crash_report_database_win.cc(428)] unexpected header
[0422/184609.323:ERROR:crash_report_database_win.cc(428)] unexpected header
[0422/184726.182:ERROR:crash_report_database_win.cc(428)] unexpected header
[0422/185726.184:ERROR:crash_report_database_win.cc(428)] unexpected header
[0422/185726.185:ERROR:crash_report_database_win.cc(428)] unexpected header
[0422/190226.182:ERROR:crash_report_database_win.cc(428)] unexpected header
[0422/191726.185:ERROR:crash_report_database_win.cc(428)] unexpected header
[0422/193226.188:ERROR:crash_report_database_win.cc(428)] unexpected header
[0422/193239.477:ERROR:crash_report_database_win.cc(428)] unexpected header
[0422/193258.705:ERROR:crash_report_database_win.cc(428)] unexpected header
[0422/194258.709:ERROR:crash_report_database_win.cc(428)] unexpected header
[0422/194258.709:ERROR:crash_report_database_win.cc(428)] unexpected header
[0422/194758.707:ERROR:crash_report_database_win.cc(428)] unexpected header
[0422/195657.520:ERROR:crash_report_database_win.cc(428)] unexpected header
[0422/200258.708:ERROR:crash_report_database_win.cc(428)] unexpected header
[0422/200514.266:ERROR:crash_report_database_win.cc(428)] unexpected header
[0422/201758.708:ERROR:crash_report_database_win.cc(428)] unexpected header
[0422/203258.708:ERROR:crash_report_database_win.cc(428)] unexpected header
[0422/204759.921:ERROR:crash_report_database_win.cc(428)] unexpected header
[0422/205525.542:ERROR:crash_report_database_win.cc(428)] unexpected header
[0422/205659.373:ERROR:crash_report_database_win.cc(428)] unexpected header
[0422/210259.922:ERROR:crash_report_database_win.cc(428)] unexpected header
[0422/211759.923:ERROR:crash_report_database_win.cc(428)] unexpected header
[0422/213259.924:ERROR:crash_report_database_win.cc(428)] unexpected header
[0422/214759.924:ERROR:crash_report_database_win.cc(428)] unexpected header
[0422/220259.925:ERROR:crash_report_database_win.cc(428)] unexpected header
[0422/221759.925:ERROR:crash_report_database_win.cc(428)] unexpected header
[0422/223259.925:ERROR:crash_report_database_win.cc(428)] unexpected header
[0422/223342.802:ERROR:crash_report_database_win.cc(428)] unexpected header
[0422/224106.367:ERROR:crash_report_database_win.cc(428)] unexpected header
[0422/224342.802:ERROR:crash_report_database_win.cc(428)] unexpected header
[0422/224342.803:ERROR:crash_report_database_win.cc(428)] unexpected header
[0422/224842.802:ERROR:crash_report_database_win.cc(428)] unexpected header
[0422/230342.803:ERROR:crash_report_database_win.cc(428)] unexpected header
[0422/231842.803:ERROR:crash_report_database_win.cc(428)] unexpected header
[0422/232934.349:ERROR:crash_report_database_win.cc(428)] unexpected header
[0422/233422.717:ERROR:crash_report_database_win.cc(428)] unexpected header
[0422/233726.023:ERROR:crash_report_database_win.cc(428)] unexpected header
[0422/234422.717:ERROR:crash_report_database_win.cc(428)] unexpected header
[0422/234422.717:ERROR:crash_report_database_win.cc(428)] unexpected header
[0422/234922.719:ERROR:crash_report_database_win.cc(428)] unexpected header
[0423/000422.719:ERROR:crash_report_database_win.cc(428)] unexpected header
[0423/002412.151:ERROR:crash_report_database_win.cc(428)] unexpected header
[0423/112324.208:ERROR:crash_report_database_win.cc(428)] unexpected header
[0423/113324.209:ERROR:crash_report_database_win.cc(428)] unexpected header
[0423/113324.209:ERROR:crash_report_database_win.cc(428)] unexpected header
[0423/113824.212:ERROR:crash_report_database_win.cc(428)] unexpected header
[0423/114435.053:ERROR:crash_report_database_win.cc(428)] unexpected header
[0423/115324.212:ERROR:crash_report_database_win.cc(428)] unexpected header
[0423/120824.213:ERROR:crash_report_database_win.cc(428)] unexpected header
[0423/122324.213:ERROR:crash_report_database_win.cc(428)] unexpected header
[0423/123824.214:ERROR:crash_report_database_win.cc(428)] unexpected header
[0423/125324.214:ERROR:crash_report_database_win.cc(428)] unexpected header
[0423/130815.224:ERROR:crash_report_database_win.cc(428)] unexpected header
[0423/130824.214:ERROR:crash_report_database_win.cc(428)] unexpected header
[0423/132324.215:ERROR:crash_report_database_win.cc(428)] unexpected header
[0423/132655.220:ERROR:crash_report_database_win.cc(428)] unexpected header
[0423/132706.787:ERROR:crash_report_database_win.cc(428)] unexpected header
[0423/133824.215:ERROR:crash_report_database_win.cc(428)] unexpected header
[0423/135324.215:ERROR:crash_report_database_win.cc(428)] unexpected header
[0423/135909.309:ERROR:crash_report_database_win.cc(428)] unexpected header
[0423/140146.922:ERROR:crash_report_database_win.cc(428)] unexpected header
[0423/141146.923:ERROR:crash_report_database_win.cc(428)] unexpected header
[0423/141146.924:ERROR:crash_report_database_win.cc(428)] unexpected header
[0423/141646.923:ERROR:crash_report_database_win.cc(428)] unexpected header
[0423/143146.923:ERROR:crash_report_database_win.cc(428)] unexpected header
[0423/144646.924:ERROR:crash_report_database_win.cc(428)] unexpected header
[0423/150146.925:ERROR:crash_report_database_win.cc(428)] unexpected header
[0423/150735.267:ERROR:crash_report_database_win.cc(428)] unexpected header
[0423/182023.162:ERROR:crash_report_database_win.cc(428)] unexpected header
[0423/201637.567:ERROR:crash_report_database_win.cc(428)] unexpected header
[0423/202637.571:ERROR:crash_report_database_win.cc(428)] unexpected header
[0423/202637.571:ERROR:crash_report_database_win.cc(428)] unexpected header
[0423/203137.569:ERROR:crash_report_database_win.cc(428)] unexpected header
[0423/204628.730:ERROR:crash_report_database_win.cc(428)] unexpected header
[0423/204637.570:ERROR:crash_report_database_win.cc(428)] unexpected header
[0423/205022.946:ERROR:crash_report_database_win.cc(428)] unexpected header
[0423/210137.575:ERROR:crash_report_database_win.cc(428)] unexpected header
[0423/211636.464:ERROR:crash_report_database_win.cc(428)] unexpected header
[0423/211637.577:ERROR:crash_report_database_win.cc(428)] unexpected header
[0423/212004.440:ERROR:process_info.cc(118)] ReadProcessMemory bool __cdecl crashpad::(anonymous namespace)::ReadStruct(HANDLE, crashpad::WinVMAddress, T *) [T = crashpad::process_types::PEB<crashpad::process_types::internal::Traits64>]: Only part of a ReadProcessMemory or WriteProcessMemory request was completed. (0x12B)
[0423/212004.440:ERROR:process_info.cc(551)] ReadProcessData failed
[0423/212004.440:ERROR:scoped_process_suspend.cc(40)] NtResumeProcess: An attempt was made to access an exiting process. (0xc000010a)
[0423/212624.003:ERROR:process_info.cc(329)] VirtualQueryEx: Access is denied. (0x5)
[0423/212624.003:ERROR:process_info.cc(556)] ReadMemoryInfo failed
[0423/212624.003:ERROR:scoped_process_suspend.cc(40)] NtResumeProcess: An attempt was made to access an exiting process. (0xc000010a)
[0423/213137.580:ERROR:crash_report_database_win.cc(428)] unexpected header
[0423/213649.957:ERROR:crash_report_database_win.cc(428)] unexpected header
[0423/214025.763:ERROR:crash_report_database_win.cc(428)] unexpected header
[0423/214637.584:ERROR:crash_report_database_win.cc(428)] unexpected header
[0423/220137.584:ERROR:crash_report_database_win.cc(428)] unexpected header
[0423/220506.080:ERROR:crash_report_database_win.cc(428)] unexpected header
[0423/220828.932:ERROR:crash_report_database_win.cc(428)] unexpected header
[0423/221105.586:ERROR:crash_report_database_win.cc(428)] unexpected header
[0423/221637.584:ERROR:crash_report_database_win.cc(428)] unexpected header
[0423/223137.585:ERROR:crash_report_database_win.cc(428)] unexpected header
[0423/223216.021:ERROR:crash_report_database_win.cc(428)] unexpected header
[0423/224637.586:ERROR:crash_report_database_win.cc(428)] unexpected header
[0423/225856.351:ERROR:crash_report_database_win.cc(428)] unexpected header
[0423/230137.587:ERROR:crash_report_database_win.cc(428)] unexpected header
[0423/230912.955:ERROR:crash_report_database_win.cc(428)] unexpected header
[0423/231637.587:ERROR:crash_report_database_win.cc(428)] unexpected header
[0423/233137.587:ERROR:crash_report_database_win.cc(428)] unexpected header
[0423/234637.591:ERROR:crash_report_database_win.cc(428)] unexpected header
[0424/000137.592:ERROR:crash_report_database_win.cc(428)] unexpected header
[0424/001637.594:ERROR:crash_report_database_win.cc(428)] unexpected header
[0424/003137.594:ERROR:crash_report_database_win.cc(428)] unexpected header
[0424/004637.595:ERROR:crash_report_database_win.cc(428)] unexpected header
